set up python3 env with the following commands:
mkdir /home/jason/python3-venv
python3 -m venv /home/jason/python3-venv

set up the following bash alias:
alias p3activate='. /home/jason/python3-venv/bin/activate'

libpeas-1.0-python2loader:amd64
libpython-dev:amd64
libpython-stdlib:amd64
libpython2.7:amd64
libpython2.7-dev:amd64
libpython2.7-minimal:amd64
libpython2.7-stdlib:amd64
libpython3-stdlib:amd64
libpython3.6:amd64
libpython3.6-minimal:amd64
libpython3.6-stdlib:amd64
python
python-apt
python-apt-common
python-asn1crypto
python-cairo:amd64
python-cffi-backend
python-configobj
python-crypto
python-cryptography
python-dbus
python-dev
python-enum34
python-gi
python-gi-cairo
python-glade2
python-gobject-2
python-gtk2
python-idna
python-ipaddress
python-ldb:amd64
python-mate-menu
python-minimal
python-mysql.connector
python-nemo
python-parted
python-psutil
python-samba
python-setproctitle:amd64
python-six
python-talloc
python-tdb
python-xdg
python-xlib
python2.7
python2.7-dev
python2.7-minimal
python3
python3-apport
python3-apt
python3-aptdaemon
python3-aptdaemon.gtk3widgets
python3-brlapi
python3-bs4
python3-cairo:amd64
python3-certifi
python3-cffi-backend
python3-chardet
python3-commandnotfound
python3-configobj
python3-crypto
python3-cups
python3-cupshelpers
python3-dbus
python3-debian
python3-defer
python3-gdbm:amd64
python3-gi
python3-gi-cairo
python3-httplib2
python3-icu
python3-idna
python3-louis
python3-macaroonbakery
python3-magic
python3-mako
python3-markupsafe
python3-minimal
python3-nacl
python3-netifaces
python3-pam
python3-pexpect
python3-pil:amd64
python3-pkg-resources
python3-problem-report
python3-protobuf
python3-psutil
python3-ptyprocess
python3-pyatspi
python3-pycurl
python3-pyinotify
python3-pymacaroons
python3-reportlab
python3-reportlab-accel:amd64
python3-requests
python3-requests-unixsocket
python3-rfc3339
python3-setproctitle:amd64
python3-six
python3-speechd
python3-systemd
python3-tz
python3-uno
python3-urllib3
python3-xapp
python3-xdg
python3-xkit
python3-xlib
python3-yaml
python3.6
python3.6-minimal
